# JRE version: OpenJDK Runtime Environment (8.0_112-b06) (build 1.8.0_112-release-b06)
# Java VM: OpenJDK 64-Bit Server VM (25.112-b06 mixed mode windows-amd64 compressed oops)
Heap:
 PSYoungGen      total 349696K, used 76917K [0x00000000e0000000, 0x0000000100000000, 0x0000000100000000)
  eden space 175104K, 0% used [0x00000000e0000000,0x00000000e0000000,0x00000000eab00000)
  from space 174592K, 44% used [0x00000000f5580000,0x00000000fa09d410,0x0000000100000000)
  to   space 174592K, 0% used [0x00000000eab00000,0x00000000eab00000,0x00000000f5580000)
 ParOldGen       total 703488K, used 643109K [0x00000000a0000000, 0x00000000caf00000, 0x00000000e0000000)
  object space 703488K, 91% used [0x00000000a0000000,0x00000000c7409728,0x00000000caf00000)
 Metaspace       used 219565K, capacity 231788K, committed 232064K, reserved 1251328K
  class space    used 28085K, capacity 30278K, committed 30336K, reserved 1048576K
GC Heap History (10 events):
Event: 2504.816 GC heap after
Heap after GC invocations=86 (full 8):
 PSYoungGen      total 363520K, used 120324K [0x00000000e0000000, 0x0000000100000000, 0x0000000100000000)
  eden space 241664K, 0% used [0x00000000e0000000,0x00000000e0000000,0x00000000eec00000)
  from space 121856K, 98% used [0x00000000f8900000,0x00000000ffe810f0,0x0000000100000000)
  to   space 141312K, 0% used [0x00000000eec00000,0x00000000eec00000,0x00000000f7600000)
 ParOldGen       total 703488K, used 533091K [0x00000000a0000000, 0x00000000caf00000, 0x00000000e0000000)
  object space 703488K, 75% used [0x00000000a0000000,0x00000000c0898ed0,0x00000000caf00000)
 Metaspace       used 209623K, capacity 221460K, committed 221696K, reserved 1243136K
  class space    used 26790K, capacity 28914K, committed 28928K, reserved 1048576K
}
Event: 2576.994 GC heap before
{Heap before GC invocations=87 (full 8):
 PSYoungGen      total 363520K, used 361988K [0x00000000e0000000, 0x0000000100000000, 0x0000000100000000)
  eden space 241664K, 100% used [0x00000000e0000000,0x00000000eec00000,0x00000000eec00000)
  from space 121856K, 98% used [0x00000000f8900000,0x00000000ffe810f0,0x0000000100000000)
  to   space 141312K, 0% used [0x00000000eec00000,0x00000000eec00000,0x00000000f7600000)
 ParOldGen       total 703488K, used 533091K [0x00000000a0000000, 0x00000000caf00000, 0x00000000e0000000)
  object space 703488K, 75% used [0x00000000a0000000,0x00000000c0898ed0,0x00000000caf00000)
 Metaspace       used 209676K, capacity 221472K, committed 221696K, reserved 1243136K
  class space    used 26793K, capacity 28918K, committed 28928K, reserved 1048576K
Event: 2577.087 GC heap after
Heap after GC invocations=87 (full 8):
 PSYoungGen      total 370176K, used 128362K [0x00000000e0000000, 0x0000000100000000, 0x0000000100000000)
  eden space 241664K, 0% used [0x00000000e0000000,0x00000000e0000000,0x00000000eec00000)
  from space 128512K, 99% used [0x00000000eec00000,0x00000000f695a928,0x00000000f6980000)
  to   space 154112K, 0% used [0x00000000f6980000,0x00000000f6980000,0x0000000100000000)
 ParOldGen       total 703488K, used 533099K [0x00000000a0000000, 0x00000000caf00000, 0x00000000e0000000)
  object space 703488K, 75% used [0x00000000a0000000,0x00000000c089aed0,0x00000000caf00000)
 Metaspace       used 209676K, capacity 221472K, committed 221696K, reserved 1243136K
  class space    used 26793K, capacity 28918K, committed 28928K, reserved 1048576K
}
Event: 2582.183 GC heap before
{Heap before GC invocations=88 (full 8):
 PSYoungGen      total 370176K, used 369965K [0x00000000e0000000, 0x0000000100000000, 0x0000000100000000)
  eden space 241664K, 99% used [0x00000000e0000000,0x00000000eebf0c60,0x00000000eec00000)
  from space 128512K, 99% used [0x00000000eec00000,0x00000000f695a928,0x00000000f6980000)
  to   space 154112K, 0% used [0x00000000f6980000,0x00000000f6980000,0x0000000100000000)
 ParOldGen       total 703488K, used 533099K [0x00000000a0000000, 0x00000000caf00000, 0x00000000e0000000)
  object space 703488K, 75% used [0x00000000a0000000,0x00000000c089aed0,0x00000000caf00000)
 Metaspace       used 218411K, capacity 230462K, committed 230656K, reserved 1249280K
  class space    used 27907K, capacity 30091K, committed 30208K, reserved 1048576K
Event: 2582.325 GC heap after
Heap after GC invocations=88 (full 8):
 PSYoungGen      total 329216K, used 154102K [0x00000000e0000000, 0x0000000100000000, 0x0000000100000000)
  eden space 175104K, 0% used [0x00000000e0000000,0x00000000e0000000,0x00000000eab00000)
  from space 154112K, 99% used [0x00000000f6980000,0x00000000ffffd8e8,0x0000000100000000)
  to   space 174592K, 0% used [0x00000000eab00000,0x00000000eab00000,0x00000000f5580000)
 ParOldGen       total 703488K, used 539533K [0x00000000a0000000, 0x00000000caf00000, 0x00000000e0000000)
  object space 703488K, 76% used [0x00000000a0000000,0x00000000c0ee34a0,0x00000000caf00000)
 Metaspace       used 218411K, capacity 230462K, committed 230656K, reserved 1249280K
  class space    used 27907K, capacity 30091K, committed 30208K, reserved 1048576K
}
Event: 2586.549 GC heap before
{Heap before GC invocations=89 (full 8):
 PSYoungGen      total 329216K, used 329206K [0x00000000e0000000, 0x0000000100000000, 0x0000000100000000)
  eden space 175104K, 100% used [0x00000000e0000000,0x00000000eab00000,0x00000000eab00000)
  from space 154112K, 99% used [0x00000000f6980000,0x00000000ffffd8e8,0x0000000100000000)
  to   space 174592K, 0% used [0x00000000eab00000,0x00000000eab00000,0x00000000f5580000)
 ParOldGen       total 703488K, used 539533K [0x00000000a0000000, 0x00000000caf00000, 0x00000000e0000000)
  object space 703488K, 76% used [0x00000000a0000000,0x00000000c0ee34a0,0x00000000caf00000)
 Metaspace       used 219486K, capacity 231654K, committed 231808K, reserved 1251328K
  class space    used 28074K, capacity 30263K, committed 30336K, reserved 1048576K
Event: 2586.729 GC heap after
Heap after GC invocations=89 (full 8):
 PSYoungGen      total 349696K, used 135359K [0x00000000e0000000, 0x0000000100000000, 0x0000000100000000)
  eden space 175104K, 0% used [0x00000000e0000000,0x00000000e0000000,0x00000000eab00000)
  from space 174592K, 77% used [0x00000000eab00000,0x00000000f2f2fca8,0x00000000f5580000)
  to   space 174592K, 0% used [0x00000000f5580000,0x00000000f5580000,0x0000000100000000)
 ParOldGen       total 703488K, used 586641K [0x00000000a0000000, 0x00000000caf00000, 0x00000000e0000000)
  object space 703488K, 83% used [0x00000000a0000000,0x00000000c3ce4780,0x00000000caf00000)
 Metaspace       used 219486K, capacity 231654K, committed 231808K, reserved 1251328K
  class space    used 28074K, capacity 30263K, committed 30336K, reserved 1048576K
}
Event: 3547.539 GC heap before
{Heap before GC invocations=90 (full 8):
 PSYoungGen      total 349696K, used 310463K [0x00000000e0000000, 0x0000000100000000, 0x0000000100000000)
  eden space 175104K, 100% used [0x00000000e0000000,0x00000000eab00000,0x00000000eab00000)
  from space 174592K, 77% used [0x00000000eab00000,0x00000000f2f2fca8,0x00000000f5580000)
  to   space 174592K, 0% used [0x00000000f5580000,0x00000000f5580000,0x0000000100000000)
 ParOldGen       total 703488K, used 586641K [0x00000000a0000000, 0x00000000caf00000, 0x00000000e0000000)
  object space 703488K, 83% used [0x00000000a0000000,0x00000000c3ce4780,0x00000000caf00000)
 Metaspace       used 219565K, capacity 231788K, committed 232064K, reserved 1251328K
  class space    used 28085K, capacity 30278K, committed 30336K, reserved 1048576K
Event: 3547.958 GC heap after
Heap after GC invocations=90 (full 8):
 PSYoungGen      total 349696K, used 76917K [0x00000000e0000000, 0x0000000100000000, 0x0000000100000000)
  eden space 175104K, 0% used [0x00000000e0000000,0x00000000e0000000,0x00000000eab00000)
  from space 174592K, 44% used [0x00000000f5580000,0x00000000fa09d410,0x0000000100000000)
  to   space 174592K, 0% used [0x00000000eab00000,0x00000000eab00000,0x00000000f5580000)
 ParOldGen       total 703488K, used 643109K [0x00000000a0000000, 0x00000000caf00000, 0x00000000e0000000)
  object space 703488K, 91% used [0x00000000a0000000,0x00000000c7409728,0x00000000caf00000)
 Metaspace       used 219565K, capacity 231788K, committed 232064K, reserved 1251328K
  class space    used 28085K, capacity 30278K, committed 30336K, reserved 1048576K
}
Event: 3547.959 GC heap before
{Heap before GC invocations=91 (full 9):
 PSYoungGen      total 349696K, used 76917K [0x00000000e0000000, 0x0000000100000000, 0x0000000100000000)
  eden space 175104K, 0% used [0x00000000e0000000,0x00000000e0000000,0x00000000eab00000)
  from space 174592K, 44% used [0x00000000f5580000,0x00000000fa09d410,0x0000000100000000)
  to   space 174592K, 0% used [0x00000000eab00000,0x00000000eab00000,0x00000000f5580000)
 ParOldGen       total 703488K, used 643109K [0x00000000a0000000, 0x00000000caf00000, 0x00000000e0000000)
  object space 703488K, 91% used [0x00000000a0000000,0x00000000c7409728,0x00000000caf00000)
 Metaspace       used 219565K, capacity 231788K, committed 232064K, reserved 1251328K
  class space    used 28085K, capacity 30278K, committed 30336K, reserved 1048576K

